<?xml version="1.0" encoding="UTF-8"?>
<testsuite xmlns:xsi="http://www.w3.org/2001/XMLSchema-instance" xsi:noNamespaceSchemaLocation="https://maven.apache.org/surefire/maven-surefire-plugin/xsd/surefire-test-report.xsd" name="za.ac.cput.assignmentadp2.ScoreClassTest" time="1.328" tests="3" errors="0" skipped="0" failures="1">
  <properties>
[...]
</properties>
  <testcase name="testTestEquality" classname="za.ac.cput.assignmentadp2.ScoreClassTest" time="0.337"/>
  <testcase name="timeoutNotExceededWithResult" classname="za.ac.cput.assignmentadp2.ScoreClassTest" time="0.26"/>
  <testcase name="testTestIdentity" classname="za.ac.cput.assignmentadp2.ScoreClassTest" time="0.112">
    <failure message="The test case is a prototype." type="org.opentest4j.AssertionFailedError">org.opentest4j.AssertionFailedError: The test case is a prototype.
	at za.ac.cput.assignmentadp2.ScoreClassTest.testTestIdentity(ScoreClassTest.java:77)
</failure>
    <system-out><![CDATA[testIdentity
]]></system-out>
  </testcase>
</testsuite>